# JRE version: OpenJDK Runtime Environment Temurin-17.0.7+7 (17.0.7+7) (build 17.0.7+7)
# Java VM: OpenJDK 64-Bit Server VM Temurin-17.0.7+7 (17.0.7+7, mixed mode, tiered, compressed oops, compressed class ptrs, parallel gc, windows-amd64)
GC Precious Log:
 CPUs: 16 total, 16 available
 Memory: 15775M
 Large Page Support: Disabled
 NUMA Support: Disabled
 Compressed Oops: Enabled (32-bit)
 Alignments: Space 512K, Generation 512K, Heap 2M
 Heap Min Capacity: 100M
 Heap Initial Capacity: 100M
 Heap Max Capacity: 1G
 Pre-touch: Disabled
 Parallel Workers: 13
Heap:
 PSYoungGen      total 20480K, used 6266K [0x00000000eab00000, 0x00000000ec200000, 0x0000000100000000)
  eden space 17408K, 18% used [0x00000000eab00000,0x00000000eae22018,0x00000000ebc00000)
  from space 3072K, 99% used [0x00000000ebf00000,0x00000000ec1fca38,0x00000000ec200000)
  to   space 2048K, 0% used [0x00000000ebc00000,0x00000000ebc00000,0x00000000ebe00000)
 ParOldGen       total 68608K, used 29998K [0x00000000c0000000, 0x00000000c4300000, 0x00000000eab00000)
  object space 68608K, 43% used [0x00000000c0000000,0x00000000c1d4b828,0x00000000c4300000)
 Metaspace       used 50934K, committed 51712K, reserved 1114112K
  class space    used 5531K, committed 5888K, reserved 1048576K
GC Heap History (20 events):
Event: 2.945 GC heap before
{Heap before GC invocations=13 (full 2):
 PSYoungGen      total 24576K, used 24173K [0x00000000eab00000, 0x00000000ec680000, 0x0000000100000000)
  eden space 23040K, 100% used [0x00000000eab00000,0x00000000ec180000,0x00000000ec180000)
  from space 1536K, 73% used [0x00000000ec500000,0x00000000ec61b528,0x00000000ec680000)
  to   space 1536K, 0% used [0x00000000ec380000,0x00000000ec380000,0x00000000ec500000)
 ParOldGen       total 68608K, used 12663K [0x00000000c0000000, 0x00000000c4300000, 0x00000000eab00000)
  object space 68608K, 18% used [0x00000000c0000000,0x00000000c0c5dcb8,0x00000000c4300000)
 Metaspace       used 40475K, committed 41152K, reserved 1114112K
  class space    used 4286K, committed 4608K, reserved 1048576K
}
Event: 2.948 GC heap after
{Heap after GC invocations=13 (full 2):
 PSYoungGen      total 23552K, used 800K [0x00000000eab00000, 0x00000000ec580000, 0x0000000100000000)
  eden space 22528K, 0% used [0x00000000eab00000,0x00000000eab00000,0x00000000ec100000)
  from space 1024K, 78% used [0x00000000ec380000,0x00000000ec448000,0x00000000ec480000)
  to   space 1024K, 0% used [0x00000000ec480000,0x00000000ec480000,0x00000000ec580000)
 ParOldGen       total 68608K, used 13443K [0x00000000c0000000, 0x00000000c4300000, 0x00000000eab00000)
  object space 68608K, 19% used [0x00000000c0000000,0x00000000c0d20ef8,0x00000000c4300000)
 Metaspace       used 40475K, committed 41152K, reserved 1114112K
  class space    used 4286K, committed 4608K, reserved 1048576K
}
Event: 3.375 GC heap before
{Heap before GC invocations=14 (full 2):
 PSYoungGen      total 23552K, used 23328K [0x00000000eab00000, 0x00000000ec580000, 0x0000000100000000)
  eden space 22528K, 100% used [0x00000000eab00000,0x00000000ec100000,0x00000000ec100000)
  from space 1024K, 78% used [0x00000000ec380000,0x00000000ec448000,0x00000000ec480000)
  to   space 1024K, 0% used [0x00000000ec480000,0x00000000ec480000,0x00000000ec580000)
 ParOldGen       total 68608K, used 13443K [0x00000000c0000000, 0x00000000c4300000, 0x00000000eab00000)
  object space 68608K, 19% used [0x00000000c0000000,0x00000000c0d20ef8,0x00000000c4300000)
 Metaspace       used 43501K, committed 44224K, reserved 1114112K
  class space    used 4676K, committed 5056K, reserved 1048576K
}
Event: 3.376 GC heap after
{Heap after GC invocations=14 (full 2):
 PSYoungGen      total 23040K, used 1024K [0x00000000eab00000, 0x00000000ec580000, 0x0000000100000000)
  eden space 22016K, 0% used [0x00000000eab00000,0x00000000eab00000,0x00000000ec080000)
  from space 1024K, 100% used [0x00000000ec480000,0x00000000ec580000,0x00000000ec580000)
  to   space 2560K, 0% used [0x00000000ec080000,0x00000000ec080000,0x00000000ec300000)
 ParOldGen       total 68608K, used 14331K [0x00000000c0000000, 0x00000000c4300000, 0x00000000eab00000)
  object space 68608K, 20% used [0x00000000c0000000,0x00000000c0dfeef8,0x00000000c4300000)
 Metaspace       used 43501K, committed 44224K, reserved 1114112K
  class space    used 4676K, committed 5056K, reserved 1048576K
}
Event: 3.672 GC heap before
{Heap before GC invocations=15 (full 2):
 PSYoungGen      total 23040K, used 23040K [0x00000000eab00000, 0x00000000ec580000, 0x0000000100000000)
  eden space 22016K, 100% used [0x00000000eab00000,0x00000000ec080000,0x00000000ec080000)
  from space 1024K, 100% used [0x00000000ec480000,0x00000000ec580000,0x00000000ec580000)
  to   space 2560K, 0% used [0x00000000ec080000,0x00000000ec080000,0x00000000ec300000)
 ParOldGen       total 68608K, used 14331K [0x00000000c0000000, 0x00000000c4300000, 0x00000000eab00000)
  object space 68608K, 20% used [0x00000000c0000000,0x00000000c0dfeef8,0x00000000c4300000)
 Metaspace       used 46236K, committed 46976K, reserved 1114112K
  class space    used 5032K, committed 5376K, reserved 1048576K
}
Event: 3.673 GC heap after
{Heap after GC invocations=15 (full 2):
 PSYoungGen      total 24576K, used 1954K [0x00000000eab00000, 0x00000000ec500000, 0x0000000100000000)
  eden space 22016K, 0% used [0x00000000eab00000,0x00000000eab00000,0x00000000ec080000)
  from space 2560K, 76% used [0x00000000ec080000,0x00000000ec268be8,0x00000000ec300000)
  to   space 2048K, 0% used [0x00000000ec300000,0x00000000ec300000,0x00000000ec500000)
 ParOldGen       total 68608K, used 15411K [0x00000000c0000000, 0x00000000c4300000, 0x00000000eab00000)
  object space 68608K, 22% used [0x00000000c0000000,0x00000000c0f0cef8,0x00000000c4300000)
 Metaspace       used 46236K, committed 46976K, reserved 1114112K
  class space    used 5032K, committed 5376K, reserved 1048576K
}
Event: 3.957 GC heap before
{Heap before GC invocations=16 (full 2):
 PSYoungGen      total 24576K, used 23970K [0x00000000eab00000, 0x00000000ec500000, 0x0000000100000000)
  eden space 22016K, 100% used [0x00000000eab00000,0x00000000ec080000,0x00000000ec080000)
  from space 2560K, 76% used [0x00000000ec080000,0x00000000ec268be8,0x00000000ec300000)
  to   space 2048K, 0% used [0x00000000ec300000,0x00000000ec300000,0x00000000ec500000)
 ParOldGen       total 68608K, used 15411K [0x00000000c0000000, 0x00000000c4300000, 0x00000000eab00000)
  object space 68608K, 22% used [0x00000000c0000000,0x00000000c0f0cef8,0x00000000c4300000)
 Metaspace       used 48199K, committed 48960K, reserved 1114112K
  class space    used 5247K, committed 5568K, reserved 1048576K
}
Event: 3.959 GC heap after
{Heap after GC invocations=16 (full 2):
 PSYoungGen      total 22528K, used 2016K [0x00000000eab00000, 0x00000000ec880000, 0x0000000100000000)
  eden space 20480K, 0% used [0x00000000eab00000,0x00000000eab00000,0x00000000ebf00000)
  from space 2048K, 98% used [0x00000000ec300000,0x00000000ec4f8020,0x00000000ec500000)
  to   space 4096K, 0% used [0x00000000ebf00000,0x00000000ebf00000,0x00000000ec300000)
 ParOldGen       total 68608K, used 17024K [0x00000000c0000000, 0x00000000c4300000, 0x00000000eab00000)
  object space 68608K, 24% used [0x00000000c0000000,0x00000000c10a0060,0x00000000c4300000)
 Metaspace       used 48199K, committed 48960K, reserved 1114112K
  class space    used 5247K, committed 5568K, reserved 1048576K
}
Event: 4.021 GC heap before
{Heap before GC invocations=17 (full 2):
 PSYoungGen      total 22528K, used 22496K [0x00000000eab00000, 0x00000000ec880000, 0x0000000100000000)
  eden space 20480K, 100% used [0x00000000eab00000,0x00000000ebf00000,0x00000000ebf00000)
  from space 2048K, 98% used [0x00000000ec300000,0x00000000ec4f8020,0x00000000ec500000)
  to   space 4096K, 0% used [0x00000000ebf00000,0x00000000ebf00000,0x00000000ec300000)
 ParOldGen       total 68608K, used 17024K [0x00000000c0000000, 0x00000000c4300000, 0x00000000eab00000)
  object space 68608K, 24% used [0x00000000c0000000,0x00000000c10a0060,0x00000000c4300000)
 Metaspace       used 48371K, committed 49088K, reserved 1114112K
  class space    used 5264K, committed 5568K, reserved 1048576K
}
Event: 4.023 GC heap after
{Heap after GC invocations=17 (full 2):
 PSYoungGen      total 23040K, used 2176K [0x00000000eab00000, 0x00000000ec500000, 0x0000000100000000)
  eden space 20480K, 0% used [0x00000000eab00000,0x00000000eab00000,0x00000000ebf00000)
  from space 2560K, 85% used [0x00000000ebf00000,0x00000000ec120010,0x00000000ec180000)
  to   space 3072K, 0% used [0x00000000ec200000,0x00000000ec200000,0x00000000ec500000)
 ParOldGen       total 68608K, used 18970K [0x00000000c0000000, 0x00000000c4300000, 0x00000000eab00000)
  object space 68608K, 27% used [0x00000000c0000000,0x00000000c1286a30,0x00000000c4300000)
 Metaspace       used 48371K, committed 49088K, reserved 1114112K
  class space    used 5264K, committed 5568K, reserved 1048576K
}
Event: 4.081 GC heap before
{Heap before GC invocations=18 (full 2):
 PSYoungGen      total 23040K, used 22656K [0x00000000eab00000, 0x00000000ec500000, 0x0000000100000000)
  eden space 20480K, 100% used [0x00000000eab00000,0x00000000ebf00000,0x00000000ebf00000)
  from space 2560K, 85% used [0x00000000ebf00000,0x00000000ec120010,0x00000000ec180000)
  to   space 3072K, 0% used [0x00000000ec200000,0x00000000ec200000,0x00000000ec500000)
 ParOldGen       total 68608K, used 18970K [0x00000000c0000000, 0x00000000c4300000, 0x00000000eab00000)
  object space 68608K, 27% used [0x00000000c0000000,0x00000000c1286a30,0x00000000c4300000)
 Metaspace       used 48441K, committed 49152K, reserved 1114112K
  class space    used 5276K, committed 5568K, reserved 1048576K
}
Event: 4.083 GC heap after
{Heap after GC invocations=18 (full 2):
 PSYoungGen      total 23552K, used 2688K [0x00000000eab00000, 0x00000000ec500000, 0x0000000100000000)
  eden space 20480K, 0% used [0x00000000eab00000,0x00000000eab00000,0x00000000ebf00000)
  from space 3072K, 87% used [0x00000000ec200000,0x00000000ec4a0020,0x00000000ec500000)
  to   space 3072K, 0% used [0x00000000ebf00000,0x00000000ebf00000,0x00000000ec200000)
 ParOldGen       total 68608K, used 20914K [0x00000000c0000000, 0x00000000c4300000, 0x00000000eab00000)
  object space 68608K, 30% used [0x00000000c0000000,0x00000000c146ca30,0x00000000c4300000)
 Metaspace       used 48441K, committed 49152K, reserved 1114112K
  class space    used 5276K, committed 5568K, reserved 1048576K
}
Event: 4.119 GC heap before
{Heap before GC invocations=19 (full 2):
 PSYoungGen      total 23552K, used 23168K [0x00000000eab00000, 0x00000000ec500000, 0x0000000100000000)
  eden space 20480K, 100% used [0x00000000eab00000,0x00000000ebf00000,0x00000000ebf00000)
  from space 3072K, 87% used [0x00000000ec200000,0x00000000ec4a0020,0x00000000ec500000)
  to   space 3072K, 0% used [0x00000000ebf00000,0x00000000ebf00000,0x00000000ec200000)
 ParOldGen       total 68608K, used 20914K [0x00000000c0000000, 0x00000000c4300000, 0x00000000eab00000)
  object space 68608K, 30% used [0x00000000c0000000,0x00000000c146ca30,0x00000000c4300000)
 Metaspace       used 48441K, committed 49152K, reserved 1114112K
  class space    used 5276K, committed 5568K, reserved 1048576K
}
Event: 4.122 GC heap after
{Heap after GC invocations=19 (full 2):
 PSYoungGen      total 23040K, used 2368K [0x00000000eab00000, 0x00000000ec400000, 0x0000000100000000)
  eden space 20480K, 0% used [0x00000000eab00000,0x00000000eab00000,0x00000000ebf00000)
  from space 2560K, 92% used [0x00000000ebf00000,0x00000000ec150000,0x00000000ec180000)
  to   space 2560K, 0% used [0x00000000ec180000,0x00000000ec180000,0x00000000ec400000)
 ParOldGen       total 68608K, used 23415K [0x00000000c0000000, 0x00000000c4300000, 0x00000000eab00000)
  object space 68608K, 34% used [0x00000000c0000000,0x00000000c16ddf98,0x00000000c4300000)
 Metaspace       used 48441K, committed 49152K, reserved 1114112K
  class space    used 5276K, committed 5568K, reserved 1048576K
}
Event: 4.150 GC heap before
{Heap before GC invocations=20 (full 2):
 PSYoungGen      total 23040K, used 22848K [0x00000000eab00000, 0x00000000ec400000, 0x0000000100000000)
  eden space 20480K, 100% used [0x00000000eab00000,0x00000000ebf00000,0x00000000ebf00000)
  from space 2560K, 92% used [0x00000000ebf00000,0x00000000ec150000,0x00000000ec180000)
  to   space 2560K, 0% used [0x00000000ec180000,0x00000000ec180000,0x00000000ec400000)
 ParOldGen       total 68608K, used 23415K [0x00000000c0000000, 0x00000000c4300000, 0x00000000eab00000)
  object space 68608K, 34% used [0x00000000c0000000,0x00000000c16ddf98,0x00000000c4300000)
 Metaspace       used 48441K, committed 49152K, reserved 1114112K
  class space    used 5276K, committed 5568K, reserved 1048576K
}
Event: 4.152 GC heap after
{Heap after GC invocations=20 (full 2):
 PSYoungGen      total 19968K, used 2528K [0x00000000eab00000, 0x00000000eca00000, 0x0000000100000000)
  eden space 17408K, 0% used [0x00000000eab00000,0x00000000eab00000,0x00000000ebc00000)
  from space 2560K, 98% used [0x00000000ec180000,0x00000000ec3f8010,0x00000000ec400000)
  to   space 5632K, 0% used [0x00000000ebc00000,0x00000000ebc00000,0x00000000ec180000)
 ParOldGen       total 68608K, used 25607K [0x00000000c0000000, 0x00000000c4300000, 0x00000000eab00000)
  object space 68608K, 37% used [0x00000000c0000000,0x00000000c1901f98,0x00000000c4300000)
 Metaspace       used 48441K, committed 49152K, reserved 1114112K
  class space    used 5276K, committed 5568K, reserved 1048576K
}
Event: 4.178 GC heap before
{Heap before GC invocations=21 (full 2):
 PSYoungGen      total 19968K, used 19936K [0x00000000eab00000, 0x00000000eca00000, 0x0000000100000000)
  eden space 17408K, 100% used [0x00000000eab00000,0x00000000ebc00000,0x00000000ebc00000)
  from space 2560K, 98% used [0x00000000ec180000,0x00000000ec3f8010,0x00000000ec400000)
  to   space 5632K, 0% used [0x00000000ebc00000,0x00000000ebc00000,0x00000000ec180000)
 ParOldGen       total 68608K, used 25607K [0x00000000c0000000, 0x00000000c4300000, 0x00000000eab00000)
  object space 68608K, 37% used [0x00000000c0000000,0x00000000c1901f98,0x00000000c4300000)
 Metaspace       used 48441K, committed 49152K, reserved 1114112K
  class space    used 5276K, committed 5568K, reserved 1048576K
}
Event: 4.180 GC heap after
{Heap after GC invocations=21 (full 2):
 PSYoungGen      total 19456K, used 1824K [0x00000000eab00000, 0x00000000ec200000, 0x0000000100000000)
  eden space 17408K, 0% used [0x00000000eab00000,0x00000000eab00000,0x00000000ebc00000)
  from space 2048K, 89% used [0x00000000ebc00000,0x00000000ebdc8000,0x00000000ebe00000)
  to   space 3072K, 0% used [0x00000000ebf00000,0x00000000ebf00000,0x00000000ec200000)
 ParOldGen       total 68608K, used 28071K [0x00000000c0000000, 0x00000000c4300000, 0x00000000eab00000)
  object space 68608K, 40% used [0x00000000c0000000,0x00000000c1b69fa8,0x00000000c4300000)
 Metaspace       used 48441K, committed 49152K, reserved 1114112K
  class space    used 5276K, committed 5568K, reserved 1048576K
}
Event: 4.382 GC heap before
{Heap before GC invocations=22 (full 2):
 PSYoungGen      total 19456K, used 19231K [0x00000000eab00000, 0x00000000ec200000, 0x0000000100000000)
  eden space 17408K, 99% used [0x00000000eab00000,0x00000000ebbffec8,0x00000000ebc00000)
  from space 2048K, 89% used [0x00000000ebc00000,0x00000000ebdc8000,0x00000000ebe00000)
  to   space 3072K, 0% used [0x00000000ebf00000,0x00000000ebf00000,0x00000000ec200000)
 ParOldGen       total 68608K, used 28071K [0x00000000c0000000, 0x00000000c4300000, 0x00000000eab00000)
  object space 68608K, 40% used [0x00000000c0000000,0x00000000c1b69fa8,0x00000000c4300000)
 Metaspace       used 50080K, committed 50880K, reserved 1114112K
  class space    used 5434K, committed 5824K, reserved 1048576K
}
Event: 4.384 GC heap after
{Heap after GC invocations=22 (full 2):
 PSYoungGen      total 20480K, used 3058K [0x00000000eab00000, 0x00000000ec200000, 0x0000000100000000)
  eden space 17408K, 0% used [0x00000000eab00000,0x00000000eab00000,0x00000000ebc00000)
  from space 3072K, 99% used [0x00000000ebf00000,0x00000000ec1fca38,0x00000000ec200000)
  to   space 2048K, 0% used [0x00000000ebc00000,0x00000000ebc00000,0x00000000ebe00000)
 ParOldGen       total 68608K, used 29998K [0x00000000c0000000, 0x00000000c4300000, 0x00000000eab00000)
  object space 68608K, 43% used [0x00000000c0000000,0x00000000c1d4b828,0x00000000c4300000)
 Metaspace       used 50080K, committed 50880K, reserved 1114112K
  class space    used 5434K, committed 5824K, reserved 1048576K
}

