# JRE version: OpenJDK Runtime Environment (17.0.6) (build 17.0.6+0-b2043.56-9586694)
# Java VM: OpenJDK 64-Bit Server VM (17.0.6+0-b2043.56-9586694, mixed mode, tiered, compressed oops, compressed class ptrs, g1 gc, windows-amd64)
GC Precious Log:
 CPUs: 16 total, 16 available
 Memory: 15775M
 Large Page Support: Disabled
 NUMA Support: Disabled
 Compressed Oops: Enabled (32-bit)
 Heap Region Size: 1M
 Heap Min Capacity: 8M
 Heap Initial Capacity: 248M
 Heap Max Capacity: 1536M
 Pre-touch: Disabled
 Parallel Workers: 13
 Concurrent Workers: 3
 Concurrent Refinement Workers: 13
 Periodic GC: Disabled
Heap:
 garbage-first heap   total 153600K, used 101977K [0x00000000a0000000, 0x0000000100000000)
  region size 1024K, 11 young (11264K), 5 survivors (5120K)
 Metaspace       used 93146K, committed 93888K, reserved 1130496K
  class space    used 12319K, committed 12672K, reserved 1048576K
GC Heap History (20 events):
Event: 55.211 GC heap before
{Heap before GC invocations=64 (full 0):
 garbage-first heap   total 132096K, used 99129K [0x00000000a0000000, 0x0000000100000000)
  region size 1024K, 25 young (25600K), 2 survivors (2048K)
 Metaspace       used 76882K, committed 77504K, reserved 1122304K
  class space    used 10071K, committed 10304K, reserved 1048576K
}
Event: 55.213 GC heap after
{Heap after GC invocations=65 (full 0):
 garbage-first heap   total 132096K, used 77800K [0x00000000a0000000, 0x0000000100000000)
  region size 1024K, 4 young (4096K), 4 survivors (4096K)
 Metaspace       used 76882K, committed 77504K, reserved 1122304K
  class space    used 10071K, committed 10304K, reserved 1048576K
}
Event: 56.383 GC heap before
{Heap before GC invocations=65 (full 0):
 garbage-first heap   total 132096K, used 104424K [0x00000000a0000000, 0x0000000100000000)
  region size 1024K, 30 young (30720K), 4 survivors (4096K)
 Metaspace       used 79697K, committed 80320K, reserved 1122304K
  class space    used 10609K, committed 10880K, reserved 1048576K
}
Event: 56.386 GC heap after
{Heap after GC invocations=66 (full 0):
 garbage-first heap   total 132096K, used 79543K [0x00000000a0000000, 0x0000000100000000)
  region size 1024K, 2 young (2048K), 2 survivors (2048K)
 Metaspace       used 79697K, committed 80320K, reserved 1122304K
  class space    used 10609K, committed 10880K, reserved 1048576K
}
Event: 58.348 GC heap before
{Heap before GC invocations=67 (full 0):
 garbage-first heap   total 135168K, used 105143K [0x00000000a0000000, 0x0000000100000000)
  region size 1024K, 27 young (27648K), 2 survivors (2048K)
 Metaspace       used 82175K, committed 82816K, reserved 1122304K
  class space    used 11000K, committed 11264K, reserved 1048576K
}
Event: 58.350 GC heap after
{Heap after GC invocations=68 (full 0):
 garbage-first heap   total 135168K, used 80901K [0x00000000a0000000, 0x0000000100000000)
  region size 1024K, 4 young (4096K), 4 survivors (4096K)
 Metaspace       used 82175K, committed 82816K, reserved 1122304K
  class space    used 11000K, committed 11264K, reserved 1048576K
}
Event: 58.950 GC heap before
{Heap before GC invocations=68 (full 0):
 garbage-first heap   total 135168K, used 108549K [0x00000000a0000000, 0x0000000100000000)
  region size 1024K, 31 young (31744K), 4 survivors (4096K)
 Metaspace       used 83185K, committed 83776K, reserved 1122304K
  class space    used 11184K, committed 11456K, reserved 1048576K
}
Event: 58.954 GC heap after
{Heap after GC invocations=69 (full 0):
 garbage-first heap   total 135168K, used 84335K [0x00000000a0000000, 0x0000000100000000)
  region size 1024K, 4 young (4096K), 4 survivors (4096K)
 Metaspace       used 83185K, committed 83776K, reserved 1122304K
  class space    used 11184K, committed 11456K, reserved 1048576K
}
Event: 59.514 GC heap before
{Heap before GC invocations=70 (full 0):
 garbage-first heap   total 143360K, used 109935K [0x00000000a0000000, 0x0000000100000000)
  region size 1024K, 29 young (29696K), 4 survivors (4096K)
 Metaspace       used 84446K, committed 85120K, reserved 1130496K
  class space    used 11380K, committed 11648K, reserved 1048576K
}
Event: 59.517 GC heap after
{Heap after GC invocations=71 (full 0):
 garbage-first heap   total 143360K, used 87182K [0x00000000a0000000, 0x0000000100000000)
  region size 1024K, 3 young (3072K), 3 survivors (3072K)
 Metaspace       used 84446K, committed 85120K, reserved 1130496K
  class space    used 11380K, committed 11648K, reserved 1048576K
}
Event: 59.571 GC heap before
{Heap before GC invocations=71 (full 0):
 garbage-first heap   total 143360K, used 116878K [0x00000000a0000000, 0x0000000100000000)
  region size 1024K, 32 young (32768K), 3 survivors (3072K)
 Metaspace       used 84525K, committed 85184K, reserved 1130496K
  class space    used 11380K, committed 11648K, reserved 1048576K
}
Event: 59.573 GC heap after
{Heap after GC invocations=72 (full 0):
 garbage-first heap   total 143360K, used 87745K [0x00000000a0000000, 0x0000000100000000)
  region size 1024K, 1 young (1024K), 1 survivors (1024K)
 Metaspace       used 84525K, committed 85184K, reserved 1130496K
  class space    used 11380K, committed 11648K, reserved 1048576K
}
Event: 63.428 GC heap before
{Heap before GC invocations=73 (full 0):
 garbage-first heap   total 153600K, used 117441K [0x00000000a0000000, 0x0000000100000000)
  region size 1024K, 31 young (31744K), 1 survivors (1024K)
 Metaspace       used 92058K, committed 92672K, reserved 1130496K
  class space    used 12302K, committed 12544K, reserved 1048576K
}
Event: 63.432 GC heap after
{Heap after GC invocations=74 (full 0):
 garbage-first heap   total 153600K, used 91875K [0x00000000a0000000, 0x0000000100000000)
  region size 1024K, 4 young (4096K), 4 survivors (4096K)
 Metaspace       used 92058K, committed 92672K, reserved 1130496K
  class space    used 12302K, committed 12544K, reserved 1048576K
}
Event: 63.593 GC heap before
{Heap before GC invocations=74 (full 0):
 garbage-first heap   total 153600K, used 93923K [0x00000000a0000000, 0x0000000100000000)
  region size 1024K, 7 young (7168K), 4 survivors (4096K)
 Metaspace       used 92187K, committed 92928K, reserved 1130496K
  class space    used 12307K, committed 12672K, reserved 1048576K
}
Event: 63.596 GC heap after
{Heap after GC invocations=75 (full 0):
 garbage-first heap   total 153600K, used 92287K [0x00000000a0000000, 0x0000000100000000)
  region size 1024K, 1 young (1024K), 1 survivors (1024K)
 Metaspace       used 92187K, committed 92928K, reserved 1130496K
  class space    used 12307K, committed 12672K, reserved 1048576K
}
Event: 71.758 GC heap before
{Heap before GC invocations=75 (full 0):
 garbage-first heap   total 153600K, used 125055K [0x00000000a0000000, 0x0000000100000000)
  region size 1024K, 34 young (34816K), 1 survivors (1024K)
 Metaspace       used 93052K, committed 93824K, reserved 1130496K
  class space    used 12323K, committed 12672K, reserved 1048576K
}
Event: 71.759 GC heap after
{Heap after GC invocations=76 (full 0):
 garbage-first heap   total 153600K, used 94172K [0x00000000a0000000, 0x0000000100000000)
  region size 1024K, 3 young (3072K), 3 survivors (3072K)
 Metaspace       used 93052K, committed 93824K, reserved 1130496K
  class space    used 12323K, committed 12672K, reserved 1048576K
}
Event: 71.815 GC heap before
{Heap before GC invocations=76 (full 0):
 garbage-first heap   total 153600K, used 127964K [0x00000000a0000000, 0x0000000100000000)
  region size 1024K, 35 young (35840K), 3 survivors (3072K)
 Metaspace       used 93157K, committed 93888K, reserved 1130496K
  class space    used 12324K, committed 12672K, reserved 1048576K
}
Event: 71.817 GC heap after
{Heap after GC invocations=77 (full 0):
 garbage-first heap   total 153600K, used 96857K [0x00000000a0000000, 0x0000000100000000)
  region size 1024K, 5 young (5120K), 5 survivors (5120K)
 Metaspace       used 93157K, committed 93888K, reserved 1130496K
  class space    used 12324K, committed 12672K, reserved 1048576K
}

