# JRE version: OpenJDK Runtime Environment (17.0.6) (build 17.0.6+0-b2043.56-9586694)
# Java VM: OpenJDK 64-Bit Server VM (17.0.6+0-b2043.56-9586694, mixed mode, tiered, compressed oops, compressed class ptrs, g1 gc, windows-amd64)
GC Precious Log:
 CPUs: 16 total, 16 available
 Memory: 15775M
 Large Page Support: Disabled
 NUMA Support: Disabled
 Compressed Oops: Enabled (32-bit)
 Heap Region Size: 1M
 Heap Min Capacity: 8M
 Heap Initial Capacity: 248M
 Heap Max Capacity: 1536M
 Pre-touch: Disabled
 Parallel Workers: 13
 Concurrent Workers: 3
 Concurrent Refinement Workers: 13
 Periodic GC: Disabled
Heap:
 garbage-first heap   total 78848K, used 48912K [0x00000000a0000000, 0x0000000100000000)
  region size 1024K, 23 young (23552K), 5 survivors (5120K)
 Metaspace       used 49417K, committed 49792K, reserved 1097728K
  class space    used 6405K, committed 6592K, reserved 1048576K
GC Heap History (20 events):
Event: 0.740 GC heap before
{Heap before GC invocations=1 (full 0):
 garbage-first heap   total 253952K, used 38642K [0x00000000a0000000, 0x0000000100000000)
  region size 1024K, 31 young (31744K), 3 survivors (3072K)
 Metaspace       used 11243K, committed 11392K, reserved 1064960K
  class space    used 1165K, committed 1280K, reserved 1048576K
}
Event: 0.743 GC heap after
{Heap after GC invocations=2 (full 0):
 garbage-first heap   total 253952K, used 13278K [0x00000000a0000000, 0x0000000100000000)
  region size 1024K, 4 young (4096K), 4 survivors (4096K)
 Metaspace       used 11243K, committed 11392K, reserved 1064960K
  class space    used 1165K, committed 1280K, reserved 1048576K
}
Event: 1.628 GC heap before
{Heap before GC invocations=2 (full 0):
 garbage-first heap   total 253952K, used 56286K [0x00000000a0000000, 0x0000000100000000)
  region size 1024K, 47 young (48128K), 4 survivors (4096K)
 Metaspace       used 21313K, committed 21504K, reserved 1073152K
  class space    used 2604K, committed 2688K, reserved 1048576K
}
Event: 1.631 GC heap after
{Heap after GC invocations=3 (full 0):
 garbage-first heap   total 253952K, used 17911K [0x00000000a0000000, 0x0000000100000000)
  region size 1024K, 9 young (9216K), 9 survivors (9216K)
 Metaspace       used 21313K, committed 21504K, reserved 1073152K
  class space    used 2604K, committed 2688K, reserved 1048576K
}
Event: 2.025 GC heap before
{Heap before GC invocations=4 (full 0):
 garbage-first heap   total 65536K, used 47607K [0x00000000a0000000, 0x0000000100000000)
  region size 1024K, 38 young (38912K), 9 survivors (9216K)
 Metaspace       used 26026K, committed 26240K, reserved 1073152K
  class space    used 3386K, committed 3520K, reserved 1048576K
}
Event: 2.029 GC heap after
{Heap after GC invocations=5 (full 0):
 garbage-first heap   total 65536K, used 19365K [0x00000000a0000000, 0x0000000100000000)
  region size 1024K, 3 young (3072K), 3 survivors (3072K)
 Metaspace       used 26026K, committed 26240K, reserved 1073152K
  class space    used 3386K, committed 3520K, reserved 1048576K
}
Event: 2.048 GC heap before
{Heap before GC invocations=5 (full 0):
 garbage-first heap   total 65536K, used 20389K [0x00000000a0000000, 0x0000000100000000)
  region size 1024K, 4 young (4096K), 3 survivors (3072K)
 Metaspace       used 26245K, committed 26496K, reserved 1073152K
  class space    used 3414K, committed 3520K, reserved 1048576K
}
Event: 2.049 GC heap after
{Heap after GC invocations=6 (full 0):
 garbage-first heap   total 65536K, used 19633K [0x00000000a0000000, 0x0000000100000000)
  region size 1024K, 1 young (1024K), 1 survivors (1024K)
 Metaspace       used 26245K, committed 26496K, reserved 1073152K
  class space    used 3414K, committed 3520K, reserved 1048576K
}
Event: 2.520 GC heap before
{Heap before GC invocations=6 (full 0):
 garbage-first heap   total 65536K, used 45233K [0x00000000a0000000, 0x0000000100000000)
  region size 1024K, 26 young (26624K), 1 survivors (1024K)
 Metaspace       used 30066K, committed 30400K, reserved 1081344K
  class space    used 4018K, committed 4160K, reserved 1048576K
}
Event: 2.522 GC heap after
{Heap after GC invocations=7 (full 0):
 garbage-first heap   total 65536K, used 20545K [0x00000000a0000000, 0x0000000100000000)
  region size 1024K, 2 young (2048K), 2 survivors (2048K)
 Metaspace       used 30066K, committed 30400K, reserved 1081344K
  class space    used 4018K, committed 4160K, reserved 1048576K
}
Event: 2.940 GC heap before
{Heap before GC invocations=7 (full 0):
 garbage-first heap   total 65536K, used 43073K [0x00000000a0000000, 0x0000000100000000)
  region size 1024K, 25 young (25600K), 2 survivors (2048K)
 Metaspace       used 35719K, committed 35968K, reserved 1081344K
  class space    used 4670K, committed 4800K, reserved 1048576K
}
Event: 2.943 GC heap after
{Heap after GC invocations=8 (full 0):
 garbage-first heap   total 65536K, used 22556K [0x00000000a0000000, 0x0000000100000000)
  region size 1024K, 4 young (4096K), 4 survivors (4096K)
 Metaspace       used 35719K, committed 35968K, reserved 1081344K
  class space    used 4670K, committed 4800K, reserved 1048576K
}
Event: 3.194 GC heap before
{Heap before GC invocations=9 (full 0):
 garbage-first heap   total 65536K, used 47132K [0x00000000a0000000, 0x0000000100000000)
  region size 1024K, 29 young (29696K), 4 survivors (4096K)
 Metaspace       used 38167K, committed 38528K, reserved 1089536K
  class space    used 4955K, committed 5120K, reserved 1048576K
}
Event: 3.197 GC heap after
{Heap after GC invocations=10 (full 0):
 garbage-first heap   total 65536K, used 26028K [0x00000000a0000000, 0x0000000100000000)
  region size 1024K, 4 young (4096K), 4 survivors (4096K)
 Metaspace       used 38167K, committed 38528K, reserved 1089536K
  class space    used 4955K, committed 5120K, reserved 1048576K
}
Event: 3.553 GC heap before
{Heap before GC invocations=10 (full 0):
 garbage-first heap   total 65536K, used 50604K [0x00000000a0000000, 0x0000000100000000)
  region size 1024K, 26 young (26624K), 4 survivors (4096K)
 Metaspace       used 40903K, committed 41216K, reserved 1089536K
  class space    used 5270K, committed 5376K, reserved 1048576K
}
Event: 3.556 GC heap after
{Heap after GC invocations=11 (full 0):
 garbage-first heap   total 78848K, used 27013K [0x00000000a0000000, 0x0000000100000000)
  region size 1024K, 2 young (2048K), 2 survivors (2048K)
 Metaspace       used 40903K, committed 41216K, reserved 1089536K
  class space    used 5270K, committed 5376K, reserved 1048576K
}
Event: 4.151 GC heap before
{Heap before GC invocations=11 (full 0):
 garbage-first heap   total 78848K, used 58757K [0x00000000a0000000, 0x0000000100000000)
  region size 1024K, 33 young (33792K), 2 survivors (2048K)
 Metaspace       used 45040K, committed 45376K, reserved 1089536K
  class space    used 5801K, committed 5952K, reserved 1048576K
}
Event: 4.154 GC heap after
{Heap after GC invocations=12 (full 0):
 garbage-first heap   total 78848K, used 29244K [0x00000000a0000000, 0x0000000100000000)
  region size 1024K, 5 young (5120K), 5 survivors (5120K)
 Metaspace       used 45040K, committed 45376K, reserved 1089536K
  class space    used 5801K, committed 5952K, reserved 1048576K
}
Event: 5.677 GC heap before
{Heap before GC invocations=12 (full 0):
 garbage-first heap   total 78848K, used 58940K [0x00000000a0000000, 0x0000000100000000)
  region size 1024K, 34 young (34816K), 5 survivors (5120K)
 Metaspace       used 47747K, committed 48128K, reserved 1097728K
  class space    used 6223K, committed 6400K, reserved 1048576K
}
Event: 5.681 GC heap after
{Heap after GC invocations=13 (full 0):
 garbage-first heap   total 78848K, used 31504K [0x00000000a0000000, 0x0000000100000000)
  region size 1024K, 5 young (5120K), 5 survivors (5120K)
 Metaspace       used 47747K, committed 48128K, reserved 1097728K
  class space    used 6223K, committed 6400K, reserved 1048576K
}

